-------------------------------------------------------------------------------
Test set: com.rts.tap.service.impl.clientpartner.MRFServiceImplTest
-------------------------------------------------------------------------------
Tests run: 5, Failures: 0, Errors: 1, Skipped: 0, Time elapsed: 0.083 s <<< FAILURE! -- in com.rts.tap.service.impl.clientpartner.MRFServiceImplTest
com.rts.tap.service.impl.clientpartner.MRFServiceImplTest.testDeleteMrfById -- Time elapsed: 0.058 s <<< ERROR!
org.mockito.exceptions.misusing.InvalidUseOfMatchersException: 

Misplaced or misused argument matcher detected here:

-> at com.rts.tap.service.impl.client.ClientForgotPasswordServiceImplTest.testVerifyOtp_InvalidOrExpired(ClientForgotPasswordServiceImplTest.java:71)
-> at com.rts.tap.service.impl.client.ClientForgotPasswordServiceImplTest.testUpdateForgotPassword_Success(ClientForgotPasswordServiceImplTest.java:46)
-> at com.rts.tap.service.impl.client.ClientForgotPasswordServiceImplTest.testVerifyOtp_Success(ClientForgotPasswordServiceImplTest.java:63)
-> at com.rts.tap.service.impl.client.ClientForgotPasswordServiceImplTest.testUpdateForgotPassword_ClientNotFound(ClientForgotPasswordServiceImplTest.java:53)
-> at com.rts.tap.service.impl.client.ClientForgotPasswordServiceImplTest.testEmailExists(ClientForgotPasswordServiceImplTest.java:39)

You cannot use argument matchers outside of verification or stubbing.
Examples of correct usage of argument matchers:
    when(mock.get(anyInt())).thenReturn(null);
    doThrow(new RuntimeException()).when(mock).someVoidMethod(any());
    verify(mock).someMethod(contains("foo"))

This message may appear after an NullPointerException if the last matcher is returning an object 
like any() but the stubbed method signature expect a primitive argument, in this case,
use primitive alternatives.
    when(mock.get(any())); // bad use, will raise NPE
    when(mock.get(anyInt())); // correct usage use

Also, this error might show up because you use argument matchers with methods that cannot be mocked.
Following methods *cannot* be stubbed/verified: final/private/equals()/hashCode().
Mocking methods declared on non-public parent classes is not supported.

	at org.mockito.junit.jupiter.MockitoExtension.beforeEach(MockitoExtension.java:160)
	at java.base/java.util.ArrayList.forEach(ArrayList.java:1511)
	at java.base/java.util.ArrayList.forEach(ArrayList.java:1511)
	Suppressed: java.lang.NullPointerException: Cannot invoke "java.util.Set.forEach(java.util.function.Consumer)" because the return value of "org.junit.jupiter.api.extension.ExtensionContext$Store.remove(Object, java.lang.Class)" is null
		at org.mockito.junit.jupiter.MockitoExtension.afterEach(MockitoExtension.java:194)
		... 2 more

