-------------------------------------------------------------------------------
Test set: com.rts.tap.service.impl.client.ClientForgotPasswordServiceImplTest
-------------------------------------------------------------------------------
Tests run: 5, Failures: 0, Errors: 5, Skipped: 0, Time elapsed: 0.021 s <<< FAILURE! -- in com.rts.tap.service.impl.client.ClientForgotPasswordServiceImplTest
com.rts.tap.service.impl.client.ClientForgotPasswordServiceImplTest.testVerifyOtp_InvalidOrExpired -- Time elapsed: 0.003 s <<< ERROR!
java.lang.NullPointerException: Cannot invoke "com.rts.tap.dao.ClientForgotPasswordDAO.findClientByEmail(String)" because "this.clientForgotPasswordDAO" is null
	at com.rts.tap.service.impl.client.ClientForgotPasswordServiceImplTest.testVerifyOtp_InvalidOrExpired(ClientForgotPasswordServiceImplTest.java:71)
	at java.base/java.lang.reflect.Method.invoke(Method.java:568)
	at java.base/java.util.ArrayList.forEach(ArrayList.java:1511)
	at java.base/java.util.ArrayList.forEach(ArrayList.java:1511)

com.rts.tap.service.impl.client.ClientForgotPasswordServiceImplTest.testUpdateForgotPassword_Success -- Time elapsed: 0.003 s <<< ERROR!
java.lang.NullPointerException: Cannot invoke "com.rts.tap.dao.ClientForgotPasswordDAO.findClientByEmail(String)" because "this.clientForgotPasswordDAO" is null
	at com.rts.tap.service.impl.client.ClientForgotPasswordServiceImplTest.testUpdateForgotPassword_Success(ClientForgotPasswordServiceImplTest.java:46)
	at java.base/java.lang.reflect.Method.invoke(Method.java:568)
	at java.base/java.util.ArrayList.forEach(ArrayList.java:1511)
	at java.base/java.util.ArrayList.forEach(ArrayList.java:1511)

com.rts.tap.service.impl.client.ClientForgotPasswordServiceImplTest.testVerifyOtp_Success -- Time elapsed: 0.004 s <<< ERROR!
java.lang.NullPointerException: Cannot invoke "com.rts.tap.dao.ClientForgotPasswordDAO.findClientByEmail(String)" because "this.clientForgotPasswordDAO" is null
	at com.rts.tap.service.impl.client.ClientForgotPasswordServiceImplTest.testVerifyOtp_Success(ClientForgotPasswordServiceImplTest.java:63)
	at java.base/java.lang.reflect.Method.invoke(Method.java:568)
	at java.base/java.util.ArrayList.forEach(ArrayList.java:1511)
	at java.base/java.util.ArrayList.forEach(ArrayList.java:1511)

com.rts.tap.service.impl.client.ClientForgotPasswordServiceImplTest.testUpdateForgotPassword_ClientNotFound -- Time elapsed: 0.002 s <<< ERROR!
java.lang.NullPointerException: Cannot invoke "com.rts.tap.dao.ClientForgotPasswordDAO.findClientByEmail(String)" because "this.clientForgotPasswordDAO" is null
	at com.rts.tap.service.impl.client.ClientForgotPasswordServiceImplTest.testUpdateForgotPassword_ClientNotFound(ClientForgotPasswordServiceImplTest.java:53)
	at java.base/java.lang.reflect.Method.invoke(Method.java:568)
	at java.base/java.util.ArrayList.forEach(ArrayList.java:1511)
	at java.base/java.util.ArrayList.forEach(ArrayList.java:1511)

com.rts.tap.service.impl.client.ClientForgotPasswordServiceImplTest.testEmailExists -- Time elapsed: 0.002 s <<< ERROR!
java.lang.NullPointerException: Cannot invoke "com.rts.tap.dao.ClientForgotPasswordDAO.emailExists(String)" because "this.clientForgotPasswordDAO" is null
	at com.rts.tap.service.impl.client.ClientForgotPasswordServiceImplTest.testEmailExists(ClientForgotPasswordServiceImplTest.java:39)
	at java.base/java.lang.reflect.Method.invoke(Method.java:568)
	at java.base/java.util.ArrayList.forEach(ArrayList.java:1511)
	at java.base/java.util.ArrayList.forEach(ArrayList.java:1511)

